Requirement already satisfied: parquet-tools in c:\users\sliang\development\python\python310\lib\site-packages (0.2.11)
Requirement already satisfied: pandas in c:\users\sliang\development\python\python310\lib\site-packages (1.4.2)
Requirement already satisfied: pyarrow in c:\users\sliang\development\python\python310\lib\site-packages (8.0.0)
Requirement already satisfied: boto3<2.0,>=1.13 in c:\users\sliang\development\python\python310\lib\site-packages (from parquet-tools) (1.24.12)
Requirement already satisfied: tabulate<0.9.0,>=0.8.7 in c:\users\sliang\development\python\python310\lib\site-packages (from parquet-tools) (0.8.9)
Requirement already satisfied: thrift<0.14.0,>=0.13.0 in c:\users\sliang\development\python\python310\lib\site-packages (from parquet-tools) (0.13.0)
Requirement already satisfied: colorama<0.5.0,>=0.4.3 in c:\users\sliang\development\python\python310\lib\site-packages (from parquet-tools) (0.4.5)
Requirement already satisfied: halo<0.0.30,>=0.0.29 in c:\users\sliang\development\python\python310\lib\site-packages (from parquet-tools) (0.0.29)
Requirement already satisfied: python-dateutil>=2.8.1 in c:\users\sliang\development\python\python310\lib\site-packages (from pandas) (2.8.2)
Requirement already satisfied: numpy>=1.21.0 in c:\users\sliang\development\python\python310\lib\site-packages (from pandas) (1.22.4)
Requirement already satisfied: pytz>=2020.1 in c:\users\sliang\development\python\python310\lib\site-packages (from pandas) (2022.1)
Requirement already satisfied: jmespath<2.0.0,>=0.7.1 in c:\users\sliang\development\python\python310\lib\site-packages (from boto3<2.0,>=1.13->parquet-tools) (1.0.1)
Requirement already satisfied: s3transfer<0.7.0,>=0.6.0 in c:\users\sliang\development\python\python310\lib\site-packages (from boto3<2.0,>=1.13->parquet-tools) (0.6.0)
Requirement already satisfied: botocore<1.28.0,>=1.27.12 in c:\users\sliang\development\python\python310\lib\site-packages (from boto3<2.0,>=1.13->parquet-tools) (1.27.12)
Requirement already satisfied: log-symbols>=0.0.14 in c:\users\sliang\development\python\python310\lib\site-packages (from halo<0.0.30,>=0.0.29->parquet-tools) (0.0.14)
Requirement already satisfied: cursor>=1.2.0 in c:\users\sliang\development\python\python310\lib\site-packages (from halo<0.0.30,>=0.0.29->parquet-tools) (1.3.5)
Requirement already satisfied: termcolor>=1.1.0 in c:\users\sliang\development\python\python310\lib\site-packages (from halo<0.0.30,>=0.0.29->parquet-tools) (1.1.0)
Requirement already satisfied: six>=1.12.0 in c:\users\sliang\development\python\python310\lib\site-packages (from halo<0.0.30,>=0.0.29->parquet-tools) (1.16.0)
Requirement already satisfied: spinners>=0.0.24 in c:\users\sliang\development\python\python310\lib\site-packages (from halo<0.0.30,>=0.0.29->parquet-tools) (0.0.24)
Requirement already satisfied: urllib3<1.27,>=1.25.4 in c:\users\sliang\development\python\python310\lib\site-packages (from botocore<1.28.0,>=1.27.12->boto3<2.0,>=1.13->parquet-tools) (1.26.9)
